[18-Dec-2022 11:18:57 Asia/Tokyo] PHP Warning:  Missing boundary in multipart/form-data POST data in Unknown on line 0
[18-Dec-2022 11:19:09 Asia/Tokyo] PHP Warning:  Missing boundary in multipart/form-data POST data in Unknown on line 0
[02-Jan-2023 12:03:57 Asia/Tokyo] PHP Parse error:  syntax error, unexpected end of file in Command line code on line 1
[02-Jan-2023 12:17:52 Asia/Tokyo] PHP Parse error:  syntax error, unexpected identifier "fclose", expecting "," or ";" in /var/www/html/algorithm/index.php on line 13
[02-Jan-2023 16:08:24 Asia/Tokyo] PHP Warning:  Undefined array key 1 in /var/www/html/algorithm/index.php on line 7
[02-Jan-2023 16:08:24 Asia/Tokyo] PHP Fatal error:  Uncaught ValueError: max(): Argument #1 ($value) must contain at least one element in /var/www/html/algorithm/index.php:61
Stack trace:
#0 /var/www/html/algorithm/index.php(61): max()
#1 {main}
  thrown in /var/www/html/algorithm/index.php on line 61
[03-Jan-2023 21:25:52 Asia/Tokyo] PHP Parse error:  syntax error, unexpected variable "$sum", expecting "," or ";" in /var/www/html/algorithm/index.php on line 32
[09-Jan-2023 12:24:01 Asia/Tokyo] PHP Warning:  Undefined array key 2 in /var/www/html/algorithm/index.php on line 11
[09-Jan-2023 12:24:01 Asia/Tokyo] PHP Warning:  Undefined array key 2 in /var/www/html/algorithm/index.php on line 34
[09-Jan-2023 12:24:01 Asia/Tokyo] PHP Warning:  Undefined array key 1 in /var/www/html/algorithm/index.php on line 33
[09-Jan-2023 12:24:01 Asia/Tokyo] PHP Warning:  Undefined array key 2 in /var/www/html/algorithm/index.php on line 34
[09-Jan-2023 12:24:01 Asia/Tokyo] PHP Warning:  Undefined array key 1 in /var/www/html/algorithm/index.php on line 33
[09-Jan-2023 12:24:01 Asia/Tokyo] PHP Warning:  Undefined array key 2 in /var/www/html/algorithm/index.php on line 34
[09-Jan-2023 12:24:01 Asia/Tokyo] PHP Warning:  Undefined array key 1 in /var/www/html/algorithm/index.php on line 33
[09-Jan-2023 12:24:01 Asia/Tokyo] PHP Warning:  Undefined array key 2 in /var/www/html/algorithm/index.php on line 34
[09-Jan-2023 12:24:01 Asia/Tokyo] PHP Warning:  Undefined array key 1 in /var/www/html/algorithm/index.php on line 33
[09-Jan-2023 12:24:01 Asia/Tokyo] PHP Warning:  Undefined array key 2 in /var/www/html/algorithm/index.php on line 34
[09-Jan-2023 12:24:01 Asia/Tokyo] PHP Warning:  Undefined array key 1 in /var/www/html/algorithm/index.php on line 33
[09-Jan-2023 12:24:01 Asia/Tokyo] PHP Warning:  Undefined array key 2 in /var/www/html/algorithm/index.php on line 34
[09-Jan-2023 12:24:38 Asia/Tokyo] PHP Warning:  Undefined array key 2 in /var/www/html/algorithm/index.php on line 11
[09-Jan-2023 12:24:38 Asia/Tokyo] PHP Warning:  Undefined array key 2 in /var/www/html/algorithm/index.php on line 34
[09-Jan-2023 12:24:38 Asia/Tokyo] PHP Warning:  Undefined array key 1 in /var/www/html/algorithm/index.php on line 33
[09-Jan-2023 12:24:38 Asia/Tokyo] PHP Warning:  Undefined array key 2 in /var/www/html/algorithm/index.php on line 34
[09-Jan-2023 12:24:38 Asia/Tokyo] PHP Warning:  Undefined array key 1 in /var/www/html/algorithm/index.php on line 33
[09-Jan-2023 12:24:38 Asia/Tokyo] PHP Warning:  Undefined array key 2 in /var/www/html/algorithm/index.php on line 34
[09-Jan-2023 12:24:38 Asia/Tokyo] PHP Warning:  Undefined array key 1 in /var/www/html/algorithm/index.php on line 33
[09-Jan-2023 12:24:38 Asia/Tokyo] PHP Warning:  Undefined array key 2 in /var/www/html/algorithm/index.php on line 34
[09-Jan-2023 12:24:38 Asia/Tokyo] PHP Warning:  Undefined array key 1 in /var/www/html/algorithm/index.php on line 33
[09-Jan-2023 12:24:38 Asia/Tokyo] PHP Warning:  Undefined array key 2 in /var/www/html/algorithm/index.php on line 34
[09-Jan-2023 12:24:38 Asia/Tokyo] PHP Warning:  Undefined array key 1 in /var/www/html/algorithm/index.php on line 33
[09-Jan-2023 12:24:38 Asia/Tokyo] PHP Warning:  Undefined array key 2 in /var/www/html/algorithm/index.php on line 34
[09-Jan-2023 12:24:51 Asia/Tokyo] PHP Warning:  Undefined array key 2 in /var/www/html/algorithm/index.php on line 11
[09-Jan-2023 12:50:53 Asia/Tokyo] PHP Parse error:  syntax error, unexpected token "]", expecting variable or "{" or "$" in /var/www/html/algorithm/index.php on line 47
[09-Jan-2023 13:14:28 Asia/Tokyo] PHP Warning:  Undefined variable $calc in /var/www/html/algorithm/index.php on line 50
[09-Jan-2023 13:14:28 Asia/Tokyo] PHP Warning:  Undefined variable $calc in /var/www/html/algorithm/index.php on line 50
[09-Jan-2023 13:14:28 Asia/Tokyo] PHP Warning:  Undefined variable $calc in /var/www/html/algorithm/index.php on line 50
[09-Jan-2023 13:14:28 Asia/Tokyo] PHP Warning:  Undefined variable $calc in /var/www/html/algorithm/index.php on line 50
[09-Jan-2023 13:14:28 Asia/Tokyo] PHP Warning:  Undefined variable $calc in /var/www/html/algorithm/index.php on line 50
[09-Jan-2023 13:14:28 Asia/Tokyo] PHP Warning:  Undefined variable $calc in /var/www/html/algorithm/index.php on line 50
[09-Jan-2023 13:14:28 Asia/Tokyo] PHP Warning:  Undefined variable $calc in /var/www/html/algorithm/index.php on line 50
[09-Jan-2023 13:14:28 Asia/Tokyo] PHP Warning:  Undefined variable $calc in /var/www/html/algorithm/index.php on line 50
[09-Jan-2023 13:14:28 Asia/Tokyo] PHP Warning:  Undefined variable $calc in /var/www/html/algorithm/index.php on line 50
[09-Jan-2023 13:14:28 Asia/Tokyo] PHP Warning:  Undefined variable $calc in /var/www/html/algorithm/index.php on line 50
[09-Jan-2023 13:14:28 Asia/Tokyo] PHP Warning:  Undefined variable $calc in /var/www/html/algorithm/index.php on line 50
[09-Jan-2023 13:14:28 Asia/Tokyo] PHP Warning:  Undefined variable $calc in /var/www/html/algorithm/index.php on line 50
[09-Jan-2023 13:14:28 Asia/Tokyo] PHP Warning:  Undefined variable $calc in /var/www/html/algorithm/index.php on line 50
[09-Jan-2023 13:14:28 Asia/Tokyo] PHP Warning:  Undefined variable $calc in /var/www/html/algorithm/index.php on line 50
[09-Jan-2023 13:14:28 Asia/Tokyo] PHP Warning:  Undefined variable $calc in /var/www/html/algorithm/index.php on line 50
[09-Jan-2023 13:14:28 Asia/Tokyo] PHP Warning:  Undefined variable $calc in /var/www/html/algorithm/index.php on line 50
[09-Jan-2023 13:14:28 Asia/Tokyo] PHP Warning:  Undefined variable $calc in /var/www/html/algorithm/index.php on line 50
[09-Jan-2023 13:14:28 Asia/Tokyo] PHP Warning:  Undefined variable $calc in /var/www/html/algorithm/index.php on line 50
[09-Jan-2023 13:14:28 Asia/Tokyo] PHP Warning:  Undefined variable $calc in /var/www/html/algorithm/index.php on line 50
[09-Jan-2023 13:14:28 Asia/Tokyo] PHP Warning:  Undefined variable $calc in /var/www/html/algorithm/index.php on line 50
[09-Jan-2023 13:14:28 Asia/Tokyo] PHP Warning:  Undefined variable $calc in /var/www/html/algorithm/index.php on line 50
[09-Jan-2023 13:14:28 Asia/Tokyo] PHP Warning:  Undefined variable $calc in /var/www/html/algorithm/index.php on line 50
[09-Jan-2023 13:14:28 Asia/Tokyo] PHP Warning:  Undefined variable $calc in /var/www/html/algorithm/index.php on line 50
[09-Jan-2023 13:14:28 Asia/Tokyo] PHP Warning:  Undefined variable $calc in /var/www/html/algorithm/index.php on line 50
[09-Jan-2023 13:14:28 Asia/Tokyo] PHP Warning:  Undefined variable $calc in /var/www/html/algorithm/index.php on line 50
[09-Jan-2023 13:14:28 Asia/Tokyo] PHP Warning:  Undefined variable $calc in /var/www/html/algorithm/index.php on line 50
[09-Jan-2023 13:14:28 Asia/Tokyo] PHP Warning:  Undefined variable $calc in /var/www/html/algorithm/index.php on line 50
[09-Jan-2023 13:14:28 Asia/Tokyo] PHP Warning:  Undefined variable $calc in /var/www/html/algorithm/index.php on line 50
[09-Jan-2023 13:14:28 Asia/Tokyo] PHP Warning:  Undefined variable $calc in /var/www/html/algorithm/index.php on line 50
[09-Jan-2023 13:14:28 Asia/Tokyo] PHP Warning:  Undefined variable $calc in /var/www/html/algorithm/index.php on line 50
[09-Jan-2023 13:14:28 Asia/Tokyo] PHP Warning:  Undefined variable $calc in /var/www/html/algorithm/index.php on line 50
[09-Jan-2023 13:14:28 Asia/Tokyo] PHP Warning:  Undefined variable $calc in /var/www/html/algorithm/index.php on line 50
[09-Jan-2023 13:14:28 Asia/Tokyo] PHP Warning:  Undefined variable $calc in /var/www/html/algorithm/index.php on line 50
[09-Jan-2023 13:14:28 Asia/Tokyo] PHP Warning:  Undefined variable $calc in /var/www/html/algorithm/index.php on line 50
[09-Jan-2023 13:14:28 Asia/Tokyo] PHP Warning:  Undefined variable $calc in /var/www/html/algorithm/index.php on line 50
[09-Jan-2023 13:14:28 Asia/Tokyo] PHP Warning:  Undefined variable $calc in /var/www/html/algorithm/index.php on line 50
[09-Jan-2023 13:14:28 Asia/Tokyo] PHP Warning:  Undefined variable $calc in /var/www/html/algorithm/index.php on line 50
[09-Jan-2023 13:14:28 Asia/Tokyo] PHP Warning:  Undefined variable $calc in /var/www/html/algorithm/index.php on line 50
[09-Jan-2023 13:14:28 Asia/Tokyo] PHP Warning:  Undefined variable $calc in /var/www/html/algorithm/index.php on line 50
[09-Jan-2023 13:15:21 Asia/Tokyo] PHP Warning:  Undefined variable $cal in /var/www/html/algorithm/index.php on line 52
[09-Jan-2023 13:15:21 Asia/Tokyo] PHP Warning:  Undefined variable $cal in /var/www/html/algorithm/index.php on line 54
[09-Jan-2023 13:15:21 Asia/Tokyo] PHP Warning:  Undefined variable $cal in /var/www/html/algorithm/index.php on line 52
[09-Jan-2023 13:15:21 Asia/Tokyo] PHP Warning:  Undefined variable $cal in /var/www/html/algorithm/index.php on line 54
[09-Jan-2023 13:15:21 Asia/Tokyo] PHP Warning:  Undefined variable $cal in /var/www/html/algorithm/index.php on line 52
[09-Jan-2023 13:15:21 Asia/Tokyo] PHP Warning:  Undefined variable $cal in /var/www/html/algorithm/index.php on line 54
[09-Jan-2023 13:15:21 Asia/Tokyo] PHP Warning:  Undefined variable $cal in /var/www/html/algorithm/index.php on line 52
[09-Jan-2023 13:15:21 Asia/Tokyo] PHP Warning:  Undefined variable $cal in /var/www/html/algorithm/index.php on line 54
[09-Jan-2023 13:15:21 Asia/Tokyo] PHP Warning:  Undefined variable $cal in /var/www/html/algorithm/index.php on line 52
[09-Jan-2023 13:15:21 Asia/Tokyo] PHP Warning:  Undefined variable $cal in /var/www/html/algorithm/index.php on line 54
[09-Jan-2023 13:15:21 Asia/Tokyo] PHP Warning:  Undefined variable $cal in /var/www/html/algorithm/index.php on line 52
[09-Jan-2023 13:15:21 Asia/Tokyo] PHP Warning:  Undefined variable $cal in /var/www/html/algorithm/index.php on line 54
[09-Jan-2023 13:15:21 Asia/Tokyo] PHP Warning:  Undefined variable $cal in /var/www/html/algorithm/index.php on line 52
[09-Jan-2023 13:15:21 Asia/Tokyo] PHP Warning:  Undefined variable $cal in /var/www/html/algorithm/index.php on line 54
[09-Jan-2023 13:15:21 Asia/Tokyo] PHP Warning:  Undefined variable $cal in /var/www/html/algorithm/index.php on line 52
[09-Jan-2023 13:15:21 Asia/Tokyo] PHP Warning:  Undefined variable $cal in /var/www/html/algorithm/index.php on line 54
[09-Jan-2023 13:15:21 Asia/Tokyo] PHP Warning:  Undefined variable $cal in /var/www/html/algorithm/index.php on line 52
[09-Jan-2023 13:15:21 Asia/Tokyo] PHP Warning:  Undefined variable $cal in /var/www/html/algorithm/index.php on line 54
[09-Jan-2023 13:15:21 Asia/Tokyo] PHP Warning:  Undefined variable $cal in /var/www/html/algorithm/index.php on line 52
[09-Jan-2023 13:15:21 Asia/Tokyo] PHP Warning:  Undefined variable $cal in /var/www/html/algorithm/index.php on line 54
[09-Jan-2023 13:15:21 Asia/Tokyo] PHP Warning:  Undefined variable $cal in /var/www/html/algorithm/index.php on line 52
[09-Jan-2023 13:15:21 Asia/Tokyo] PHP Warning:  Undefined variable $cal in /var/www/html/algorithm/index.php on line 54
[09-Jan-2023 13:15:21 Asia/Tokyo] PHP Warning:  Undefined variable $cal in /var/www/html/algorithm/index.php on line 52
[09-Jan-2023 13:15:21 Asia/Tokyo] PHP Warning:  Undefined variable $cal in /var/www/html/algorithm/index.php on line 54
[09-Jan-2023 13:15:21 Asia/Tokyo] PHP Warning:  Undefined variable $cal in /var/www/html/algorithm/index.php on line 52
[09-Jan-2023 13:15:21 Asia/Tokyo] PHP Warning:  Undefined variable $cal in /var/www/html/algorithm/index.php on line 54
[09-Jan-2023 13:15:21 Asia/Tokyo] PHP Warning:  Undefined variable $cal in /var/www/html/algorithm/index.php on line 52
[09-Jan-2023 13:15:21 Asia/Tokyo] PHP Warning:  Undefined variable $cal in /var/www/html/algorithm/index.php on line 54
[09-Jan-2023 13:15:21 Asia/Tokyo] PHP Warning:  Undefined variable $cal in /var/www/html/algorithm/index.php on line 52
[09-Jan-2023 13:15:21 Asia/Tokyo] PHP Warning:  Undefined variable $cal in /var/www/html/algorithm/index.php on line 54
[09-Jan-2023 13:15:21 Asia/Tokyo] PHP Warning:  Undefined variable $cal in /var/www/html/algorithm/index.php on line 52
[09-Jan-2023 13:15:21 Asia/Tokyo] PHP Warning:  Undefined variable $cal in /var/www/html/algorithm/index.php on line 54
[09-Jan-2023 13:15:21 Asia/Tokyo] PHP Warning:  Undefined variable $cal in /var/www/html/algorithm/index.php on line 52
[09-Jan-2023 13:15:21 Asia/Tokyo] PHP Warning:  Undefined variable $cal in /var/www/html/algorithm/index.php on line 54
[09-Jan-2023 13:15:21 Asia/Tokyo] PHP Warning:  Undefined variable $cal in /var/www/html/algorithm/index.php on line 52
[09-Jan-2023 13:15:21 Asia/Tokyo] PHP Warning:  Undefined variable $cal in /var/www/html/algorithm/index.php on line 54
[09-Jan-2023 13:15:21 Asia/Tokyo] PHP Warning:  Undefined variable $cal in /var/www/html/algorithm/index.php on line 52
[09-Jan-2023 13:15:21 Asia/Tokyo] PHP Warning:  Undefined variable $cal in /var/www/html/algorithm/index.php on line 54
[09-Jan-2023 13:15:21 Asia/Tokyo] PHP Warning:  Undefined variable $cal in /var/www/html/algorithm/index.php on line 52
[09-Jan-2023 13:15:21 Asia/Tokyo] PHP Warning:  Undefined variable $cal in /var/www/html/algorithm/index.php on line 54
[09-Jan-2023 13:15:21 Asia/Tokyo] PHP Warning:  Undefined variable $cal in /var/www/html/algorithm/index.php on line 52
[09-Jan-2023 13:15:21 Asia/Tokyo] PHP Warning:  Undefined variable $cal in /var/www/html/algorithm/index.php on line 54
[09-Jan-2023 13:15:21 Asia/Tokyo] PHP Warning:  Undefined variable $cal in /var/www/html/algorithm/index.php on line 52
[09-Jan-2023 13:15:21 Asia/Tokyo] PHP Warning:  Undefined variable $cal in /var/www/html/algorithm/index.php on line 54
[09-Jan-2023 13:15:21 Asia/Tokyo] PHP Warning:  Undefined variable $cal in /var/www/html/algorithm/index.php on line 52
[09-Jan-2023 13:15:21 Asia/Tokyo] PHP Warning:  Undefined variable $cal in /var/www/html/algorithm/index.php on line 54
[09-Jan-2023 13:15:21 Asia/Tokyo] PHP Warning:  Undefined variable $cal in /var/www/html/algorithm/index.php on line 52
[09-Jan-2023 13:15:21 Asia/Tokyo] PHP Warning:  Undefined variable $cal in /var/www/html/algorithm/index.php on line 54
[09-Jan-2023 13:15:21 Asia/Tokyo] PHP Warning:  Undefined variable $cal in /var/www/html/algorithm/index.php on line 52
[09-Jan-2023 13:15:21 Asia/Tokyo] PHP Warning:  Undefined variable $cal in /var/www/html/algorithm/index.php on line 54
[09-Jan-2023 13:15:21 Asia/Tokyo] PHP Warning:  Undefined variable $cal in /var/www/html/algorithm/index.php on line 52
[09-Jan-2023 13:15:21 Asia/Tokyo] PHP Warning:  Undefined variable $cal in /var/www/html/algorithm/index.php on line 54
[09-Jan-2023 13:15:21 Asia/Tokyo] PHP Warning:  Undefined variable $cal in /var/www/html/algorithm/index.php on line 52
[09-Jan-2023 13:15:21 Asia/Tokyo] PHP Warning:  Undefined variable $cal in /var/www/html/algorithm/index.php on line 54
[09-Jan-2023 13:15:21 Asia/Tokyo] PHP Warning:  Undefined variable $cal in /var/www/html/algorithm/index.php on line 52
[09-Jan-2023 13:15:21 Asia/Tokyo] PHP Warning:  Undefined variable $cal in /var/www/html/algorithm/index.php on line 54
[09-Jan-2023 13:15:21 Asia/Tokyo] PHP Warning:  Undefined variable $cal in /var/www/html/algorithm/index.php on line 52
[09-Jan-2023 13:15:21 Asia/Tokyo] PHP Warning:  Undefined variable $cal in /var/www/html/algorithm/index.php on line 54
[09-Jan-2023 13:15:21 Asia/Tokyo] PHP Warning:  Undefined variable $cal in /var/www/html/algorithm/index.php on line 52
[09-Jan-2023 13:15:21 Asia/Tokyo] PHP Warning:  Undefined variable $cal in /var/www/html/algorithm/index.php on line 54
[09-Jan-2023 13:15:21 Asia/Tokyo] PHP Warning:  Undefined variable $cal in /var/www/html/algorithm/index.php on line 52
[09-Jan-2023 13:15:21 Asia/Tokyo] PHP Warning:  Undefined variable $cal in /var/www/html/algorithm/index.php on line 54
[09-Jan-2023 13:15:21 Asia/Tokyo] PHP Warning:  Undefined variable $cal in /var/www/html/algorithm/index.php on line 52
[09-Jan-2023 13:15:21 Asia/Tokyo] PHP Warning:  Undefined variable $cal in /var/www/html/algorithm/index.php on line 54
[09-Jan-2023 13:15:21 Asia/Tokyo] PHP Warning:  Undefined variable $cal in /var/www/html/algorithm/index.php on line 52
[09-Jan-2023 13:15:21 Asia/Tokyo] PHP Warning:  Undefined variable $cal in /var/www/html/algorithm/index.php on line 54
[09-Jan-2023 13:15:43 Asia/Tokyo] PHP Warning:  Undefined variable $cal in /var/www/html/algorithm/index.php on line 51
[09-Jan-2023 13:15:43 Asia/Tokyo] PHP Warning:  Undefined variable $cal in /var/www/html/algorithm/index.php on line 53
[09-Jan-2023 13:15:43 Asia/Tokyo] PHP Warning:  Undefined variable $cal in /var/www/html/algorithm/index.php on line 51
[09-Jan-2023 13:15:43 Asia/Tokyo] PHP Warning:  Undefined variable $cal in /var/www/html/algorithm/index.php on line 53
[09-Jan-2023 13:15:43 Asia/Tokyo] PHP Warning:  Undefined variable $cal in /var/www/html/algorithm/index.php on line 51
[09-Jan-2023 13:15:43 Asia/Tokyo] PHP Warning:  Undefined variable $cal in /var/www/html/algorithm/index.php on line 53
[09-Jan-2023 13:15:43 Asia/Tokyo] PHP Warning:  Undefined variable $cal in /var/www/html/algorithm/index.php on line 51
[09-Jan-2023 13:15:43 Asia/Tokyo] PHP Warning:  Undefined variable $cal in /var/www/html/algorithm/index.php on line 53
[09-Jan-2023 13:15:43 Asia/Tokyo] PHP Warning:  Undefined variable $cal in /var/www/html/algorithm/index.php on line 51
[09-Jan-2023 13:15:43 Asia/Tokyo] PHP Warning:  Undefined variable $cal in /var/www/html/algorithm/index.php on line 53
[09-Jan-2023 13:15:43 Asia/Tokyo] PHP Warning:  Undefined variable $cal in /var/www/html/algorithm/index.php on line 51
[09-Jan-2023 13:15:43 Asia/Tokyo] PHP Warning:  Undefined variable $cal in /var/www/html/algorithm/index.php on line 53
[09-Jan-2023 13:15:43 Asia/Tokyo] PHP Warning:  Undefined variable $cal in /var/www/html/algorithm/index.php on line 51
[09-Jan-2023 13:15:43 Asia/Tokyo] PHP Warning:  Undefined variable $cal in /var/www/html/algorithm/index.php on line 53
[09-Jan-2023 13:15:43 Asia/Tokyo] PHP Warning:  Undefined variable $cal in /var/www/html/algorithm/index.php on line 51
[09-Jan-2023 13:15:43 Asia/Tokyo] PHP Warning:  Undefined variable $cal in /var/www/html/algorithm/index.php on line 53
[09-Jan-2023 13:15:43 Asia/Tokyo] PHP Warning:  Undefined variable $cal in /var/www/html/algorithm/index.php on line 51
[09-Jan-2023 13:15:43 Asia/Tokyo] PHP Warning:  Undefined variable $cal in /var/www/html/algorithm/index.php on line 53
[09-Jan-2023 13:15:43 Asia/Tokyo] PHP Warning:  Undefined variable $cal in /var/www/html/algorithm/index.php on line 51
[09-Jan-2023 13:15:43 Asia/Tokyo] PHP Warning:  Undefined variable $cal in /var/www/html/algorithm/index.php on line 53
[09-Jan-2023 13:15:43 Asia/Tokyo] PHP Warning:  Undefined variable $cal in /var/www/html/algorithm/index.php on line 51
[09-Jan-2023 13:15:43 Asia/Tokyo] PHP Warning:  Undefined variable $cal in /var/www/html/algorithm/index.php on line 53
[09-Jan-2023 13:15:43 Asia/Tokyo] PHP Warning:  Undefined variable $cal in /var/www/html/algorithm/index.php on line 51
[09-Jan-2023 13:15:43 Asia/Tokyo] PHP Warning:  Undefined variable $cal in /var/www/html/algorithm/index.php on line 53
[09-Jan-2023 13:15:43 Asia/Tokyo] PHP Warning:  Undefined variable $cal in /var/www/html/algorithm/index.php on line 51
[09-Jan-2023 13:15:43 Asia/Tokyo] PHP Warning:  Undefined variable $cal in /var/www/html/algorithm/index.php on line 53
[09-Jan-2023 13:15:43 Asia/Tokyo] PHP Warning:  Undefined variable $cal in /var/www/html/algorithm/index.php on line 51
[09-Jan-2023 13:15:43 Asia/Tokyo] PHP Warning:  Undefined variable $cal in /var/www/html/algorithm/index.php on line 53
[09-Jan-2023 13:15:43 Asia/Tokyo] PHP Warning:  Undefined variable $cal in /var/www/html/algorithm/index.php on line 51
[09-Jan-2023 13:15:43 Asia/Tokyo] PHP Warning:  Undefined variable $cal in /var/www/html/algorithm/index.php on line 53
[09-Jan-2023 13:15:43 Asia/Tokyo] PHP Warning:  Undefined variable $cal in /var/www/html/algorithm/index.php on line 51
[09-Jan-2023 13:15:43 Asia/Tokyo] PHP Warning:  Undefined variable $cal in /var/www/html/algorithm/index.php on line 53
[09-Jan-2023 13:15:43 Asia/Tokyo] PHP Warning:  Undefined variable $cal in /var/www/html/algorithm/index.php on line 51
[09-Jan-2023 13:15:43 Asia/Tokyo] PHP Warning:  Undefined variable $cal in /var/www/html/algorithm/index.php on line 53
[09-Jan-2023 13:15:43 Asia/Tokyo] PHP Warning:  Undefined variable $cal in /var/www/html/algorithm/index.php on line 51
[09-Jan-2023 13:15:43 Asia/Tokyo] PHP Warning:  Undefined variable $cal in /var/www/html/algorithm/index.php on line 53
[09-Jan-2023 13:15:43 Asia/Tokyo] PHP Warning:  Undefined variable $cal in /var/www/html/algorithm/index.php on line 51
[09-Jan-2023 13:15:43 Asia/Tokyo] PHP Warning:  Undefined variable $cal in /var/www/html/algorithm/index.php on line 53
[09-Jan-2023 13:15:43 Asia/Tokyo] PHP Warning:  Undefined variable $cal in /var/www/html/algorithm/index.php on line 51
[09-Jan-2023 13:15:43 Asia/Tokyo] PHP Warning:  Undefined variable $cal in /var/www/html/algorithm/index.php on line 53
[09-Jan-2023 13:15:43 Asia/Tokyo] PHP Warning:  Undefined variable $cal in /var/www/html/algorithm/index.php on line 51
[09-Jan-2023 13:15:43 Asia/Tokyo] PHP Warning:  Undefined variable $cal in /var/www/html/algorithm/index.php on line 53
[09-Jan-2023 13:15:43 Asia/Tokyo] PHP Warning:  Undefined variable $cal in /var/www/html/algorithm/index.php on line 51
[09-Jan-2023 13:15:43 Asia/Tokyo] PHP Warning:  Undefined variable $cal in /var/www/html/algorithm/index.php on line 53
[09-Jan-2023 13:15:43 Asia/Tokyo] PHP Warning:  Undefined variable $cal in /var/www/html/algorithm/index.php on line 51
[09-Jan-2023 13:15:43 Asia/Tokyo] PHP Warning:  Undefined variable $cal in /var/www/html/algorithm/index.php on line 53
[09-Jan-2023 13:15:43 Asia/Tokyo] PHP Warning:  Undefined variable $cal in /var/www/html/algorithm/index.php on line 51
[09-Jan-2023 13:15:43 Asia/Tokyo] PHP Warning:  Undefined variable $cal in /var/www/html/algorithm/index.php on line 53
[09-Jan-2023 13:15:43 Asia/Tokyo] PHP Warning:  Undefined variable $cal in /var/www/html/algorithm/index.php on line 51
[09-Jan-2023 13:15:43 Asia/Tokyo] PHP Warning:  Undefined variable $cal in /var/www/html/algorithm/index.php on line 53
[09-Jan-2023 13:15:43 Asia/Tokyo] PHP Warning:  Undefined variable $cal in /var/www/html/algorithm/index.php on line 51
[09-Jan-2023 13:15:43 Asia/Tokyo] PHP Warning:  Undefined variable $cal in /var/www/html/algorithm/index.php on line 53
[09-Jan-2023 13:15:43 Asia/Tokyo] PHP Warning:  Undefined variable $cal in /var/www/html/algorithm/index.php on line 51
[09-Jan-2023 13:15:43 Asia/Tokyo] PHP Warning:  Undefined variable $cal in /var/www/html/algorithm/index.php on line 53
[09-Jan-2023 13:15:43 Asia/Tokyo] PHP Warning:  Undefined variable $cal in /var/www/html/algorithm/index.php on line 51
[09-Jan-2023 13:15:43 Asia/Tokyo] PHP Warning:  Undefined variable $cal in /var/www/html/algorithm/index.php on line 53
[09-Jan-2023 13:15:43 Asia/Tokyo] PHP Warning:  Undefined variable $cal in /var/www/html/algorithm/index.php on line 51
[09-Jan-2023 13:15:43 Asia/Tokyo] PHP Warning:  Undefined variable $cal in /var/www/html/algorithm/index.php on line 53
[09-Jan-2023 13:15:43 Asia/Tokyo] PHP Warning:  Undefined variable $cal in /var/www/html/algorithm/index.php on line 51
[09-Jan-2023 13:15:43 Asia/Tokyo] PHP Warning:  Undefined variable $cal in /var/www/html/algorithm/index.php on line 53
[09-Jan-2023 13:15:43 Asia/Tokyo] PHP Warning:  Undefined variable $cal in /var/www/html/algorithm/index.php on line 51
[09-Jan-2023 13:15:43 Asia/Tokyo] PHP Warning:  Undefined variable $cal in /var/www/html/algorithm/index.php on line 53
[09-Jan-2023 13:15:43 Asia/Tokyo] PHP Warning:  Undefined variable $cal in /var/www/html/algorithm/index.php on line 51
[09-Jan-2023 13:15:43 Asia/Tokyo] PHP Warning:  Undefined variable $cal in /var/www/html/algorithm/index.php on line 53
[09-Jan-2023 13:15:43 Asia/Tokyo] PHP Warning:  Undefined variable $cal in /var/www/html/algorithm/index.php on line 51
[09-Jan-2023 13:15:43 Asia/Tokyo] PHP Warning:  Undefined variable $cal in /var/www/html/algorithm/index.php on line 53
[14-Jan-2023 12:11:05 Asia/Tokyo] PHP Warning:  Undefined array key 5 in /var/www/html/algorithm/index.php on line 49
[14-Jan-2023 12:11:05 Asia/Tokyo] PHP Warning:  Undefined array key 5 in /var/www/html/algorithm/index.php on line 49
[14-Jan-2023 12:11:05 Asia/Tokyo] PHP Warning:  Undefined array key 5 in /var/www/html/algorithm/index.php on line 49
[14-Jan-2023 12:11:05 Asia/Tokyo] PHP Warning:  Undefined array key 5 in /var/www/html/algorithm/index.php on line 49
[14-Jan-2023 12:11:05 Asia/Tokyo] PHP Warning:  Undefined array key 5 in /var/www/html/algorithm/index.php on line 49
[14-Jan-2023 12:11:05 Asia/Tokyo] PHP Warning:  Undefined array key 5 in /var/www/html/algorithm/index.php on line 49
[14-Jan-2023 12:11:05 Asia/Tokyo] PHP Warning:  Undefined array key 4 in /var/www/html/algorithm/index.php on line 49
[14-Jan-2023 12:11:05 Asia/Tokyo] PHP Warning:  Trying to access array offset on value of type null in /var/www/html/algorithm/index.php on line 49
[14-Jan-2023 12:11:05 Asia/Tokyo] PHP Warning:  Undefined array key 4 in /var/www/html/algorithm/index.php on line 49
[14-Jan-2023 12:11:05 Asia/Tokyo] PHP Warning:  Trying to access array offset on value of type null in /var/www/html/algorithm/index.php on line 49
[14-Jan-2023 12:11:05 Asia/Tokyo] PHP Warning:  Undefined array key 4 in /var/www/html/algorithm/index.php on line 49
[14-Jan-2023 12:11:05 Asia/Tokyo] PHP Warning:  Trying to access array offset on value of type null in /var/www/html/algorithm/index.php on line 49
[14-Jan-2023 12:11:05 Asia/Tokyo] PHP Warning:  Undefined array key 4 in /var/www/html/algorithm/index.php on line 49
[14-Jan-2023 12:11:05 Asia/Tokyo] PHP Warning:  Trying to access array offset on value of type null in /var/www/html/algorithm/index.php on line 49
[14-Jan-2023 12:11:05 Asia/Tokyo] PHP Warning:  Undefined array key 4 in /var/www/html/algorithm/index.php on line 49
[14-Jan-2023 12:11:05 Asia/Tokyo] PHP Warning:  Trying to access array offset on value of type null in /var/www/html/algorithm/index.php on line 49
[14-Jan-2023 12:11:05 Asia/Tokyo] PHP Warning:  Undefined array key 4 in /var/www/html/algorithm/index.php on line 49
[14-Jan-2023 12:11:05 Asia/Tokyo] PHP Warning:  Trying to access array offset on value of type null in /var/www/html/algorithm/index.php on line 49
[14-Jan-2023 12:11:05 Asia/Tokyo] PHP Warning:  Undefined array key 4 in /var/www/html/algorithm/index.php on line 49
[14-Jan-2023 12:11:05 Asia/Tokyo] PHP Warning:  Trying to access array offset on value of type null in /var/www/html/algorithm/index.php on line 49
[14-Jan-2023 12:11:05 Asia/Tokyo] PHP Warning:  Undefined array key 4 in /var/www/html/algorithm/index.php on line 49
[14-Jan-2023 12:11:05 Asia/Tokyo] PHP Warning:  Trying to access array offset on value of type null in /var/www/html/algorithm/index.php on line 49
[14-Jan-2023 12:11:05 Asia/Tokyo] PHP Warning:  Undefined array key 5 in /var/www/html/algorithm/index.php on line 49
[14-Jan-2023 12:11:05 Asia/Tokyo] PHP Warning:  Undefined array key 4 in /var/www/html/algorithm/index.php on line 49
[14-Jan-2023 12:11:05 Asia/Tokyo] PHP Warning:  Trying to access array offset on value of type null in /var/www/html/algorithm/index.php on line 49
[14-Jan-2023 12:11:36 Asia/Tokyo] PHP Warning:  Undefined array key 5 in /var/www/html/algorithm/index.php on line 49
[14-Jan-2023 12:11:36 Asia/Tokyo] PHP Warning:  Undefined array key 5 in /var/www/html/algorithm/index.php on line 49
[14-Jan-2023 12:11:36 Asia/Tokyo] PHP Warning:  Undefined array key 5 in /var/www/html/algorithm/index.php on line 49
[14-Jan-2023 12:11:36 Asia/Tokyo] PHP Warning:  Undefined array key 5 in /var/www/html/algorithm/index.php on line 49
[14-Jan-2023 12:11:36 Asia/Tokyo] PHP Warning:  Undefined array key 5 in /var/www/html/algorithm/index.php on line 49
[14-Jan-2023 12:11:36 Asia/Tokyo] PHP Warning:  Undefined array key 5 in /var/www/html/algorithm/index.php on line 49
[14-Jan-2023 12:11:36 Asia/Tokyo] PHP Warning:  Undefined array key 4 in /var/www/html/algorithm/index.php on line 49
[14-Jan-2023 12:11:36 Asia/Tokyo] PHP Warning:  Trying to access array offset on value of type null in /var/www/html/algorithm/index.php on line 49
[14-Jan-2023 12:11:36 Asia/Tokyo] PHP Warning:  Undefined array key 4 in /var/www/html/algorithm/index.php on line 49
[14-Jan-2023 12:11:36 Asia/Tokyo] PHP Warning:  Trying to access array offset on value of type null in /var/www/html/algorithm/index.php on line 49
[14-Jan-2023 12:11:36 Asia/Tokyo] PHP Warning:  Undefined array key 4 in /var/www/html/algorithm/index.php on line 49
[14-Jan-2023 12:11:36 Asia/Tokyo] PHP Warning:  Trying to access array offset on value of type null in /var/www/html/algorithm/index.php on line 49
[14-Jan-2023 12:11:36 Asia/Tokyo] PHP Warning:  Undefined array key 4 in /var/www/html/algorithm/index.php on line 49
[14-Jan-2023 12:11:36 Asia/Tokyo] PHP Warning:  Trying to access array offset on value of type null in /var/www/html/algorithm/index.php on line 49
[14-Jan-2023 12:11:36 Asia/Tokyo] PHP Warning:  Undefined array key 4 in /var/www/html/algorithm/index.php on line 49
[14-Jan-2023 12:11:36 Asia/Tokyo] PHP Warning:  Trying to access array offset on value of type null in /var/www/html/algorithm/index.php on line 49
[14-Jan-2023 12:11:36 Asia/Tokyo] PHP Warning:  Undefined array key 4 in /var/www/html/algorithm/index.php on line 49
[14-Jan-2023 12:11:36 Asia/Tokyo] PHP Warning:  Trying to access array offset on value of type null in /var/www/html/algorithm/index.php on line 49
[14-Jan-2023 12:11:36 Asia/Tokyo] PHP Warning:  Undefined array key 4 in /var/www/html/algorithm/index.php on line 49
[14-Jan-2023 12:11:36 Asia/Tokyo] PHP Warning:  Trying to access array offset on value of type null in /var/www/html/algorithm/index.php on line 49
[14-Jan-2023 12:11:36 Asia/Tokyo] PHP Warning:  Undefined array key 4 in /var/www/html/algorithm/index.php on line 49
[14-Jan-2023 12:11:36 Asia/Tokyo] PHP Warning:  Trying to access array offset on value of type null in /var/www/html/algorithm/index.php on line 49
[14-Jan-2023 12:11:36 Asia/Tokyo] PHP Warning:  Undefined array key 5 in /var/www/html/algorithm/index.php on line 49
[14-Jan-2023 12:11:36 Asia/Tokyo] PHP Warning:  Undefined array key 4 in /var/www/html/algorithm/index.php on line 49
[14-Jan-2023 12:11:36 Asia/Tokyo] PHP Warning:  Trying to access array offset on value of type null in /var/www/html/algorithm/index.php on line 49
[14-Jan-2023 12:12:33 Asia/Tokyo] PHP Warning:  Undefined array key 5 in /var/www/html/algorithm/index.php on line 50
[14-Jan-2023 12:12:33 Asia/Tokyo] PHP Warning:  Undefined array key 5 in /var/www/html/algorithm/index.php on line 50
[14-Jan-2023 12:12:33 Asia/Tokyo] PHP Warning:  Undefined array key 5 in /var/www/html/algorithm/index.php on line 50
[14-Jan-2023 12:12:33 Asia/Tokyo] PHP Warning:  Undefined array key 5 in /var/www/html/algorithm/index.php on line 50
[14-Jan-2023 12:12:33 Asia/Tokyo] PHP Warning:  Undefined array key 5 in /var/www/html/algorithm/index.php on line 50
[14-Jan-2023 12:12:33 Asia/Tokyo] PHP Warning:  Undefined array key 5 in /var/www/html/algorithm/index.php on line 50
[14-Jan-2023 12:12:33 Asia/Tokyo] PHP Warning:  Undefined array key 4 in /var/www/html/algorithm/index.php on line 50
[14-Jan-2023 12:12:33 Asia/Tokyo] PHP Warning:  Trying to access array offset on value of type null in /var/www/html/algorithm/index.php on line 50
[14-Jan-2023 12:12:33 Asia/Tokyo] PHP Warning:  Undefined array key 4 in /var/www/html/algorithm/index.php on line 50
[14-Jan-2023 12:12:33 Asia/Tokyo] PHP Warning:  Trying to access array offset on value of type null in /var/www/html/algorithm/index.php on line 50
[14-Jan-2023 12:12:33 Asia/Tokyo] PHP Warning:  Undefined array key 4 in /var/www/html/algorithm/index.php on line 50
[14-Jan-2023 12:12:33 Asia/Tokyo] PHP Warning:  Trying to access array offset on value of type null in /var/www/html/algorithm/index.php on line 50
[14-Jan-2023 12:12:33 Asia/Tokyo] PHP Warning:  Undefined array key 4 in /var/www/html/algorithm/index.php on line 50
[14-Jan-2023 12:12:33 Asia/Tokyo] PHP Warning:  Trying to access array offset on value of type null in /var/www/html/algorithm/index.php on line 50
[14-Jan-2023 12:12:33 Asia/Tokyo] PHP Warning:  Undefined array key 4 in /var/www/html/algorithm/index.php on line 50
[14-Jan-2023 12:12:33 Asia/Tokyo] PHP Warning:  Trying to access array offset on value of type null in /var/www/html/algorithm/index.php on line 50
[14-Jan-2023 12:12:33 Asia/Tokyo] PHP Warning:  Undefined array key 4 in /var/www/html/algorithm/index.php on line 50
[14-Jan-2023 12:12:33 Asia/Tokyo] PHP Warning:  Trying to access array offset on value of type null in /var/www/html/algorithm/index.php on line 50
[14-Jan-2023 12:12:33 Asia/Tokyo] PHP Warning:  Undefined array key 4 in /var/www/html/algorithm/index.php on line 50
[14-Jan-2023 12:12:33 Asia/Tokyo] PHP Warning:  Trying to access array offset on value of type null in /var/www/html/algorithm/index.php on line 50
[14-Jan-2023 12:12:33 Asia/Tokyo] PHP Warning:  Undefined array key 4 in /var/www/html/algorithm/index.php on line 50
[14-Jan-2023 12:12:33 Asia/Tokyo] PHP Warning:  Trying to access array offset on value of type null in /var/www/html/algorithm/index.php on line 50
[14-Jan-2023 12:12:33 Asia/Tokyo] PHP Warning:  Undefined array key 5 in /var/www/html/algorithm/index.php on line 50
[14-Jan-2023 12:13:07 Asia/Tokyo] PHP Warning:  Undefined array key 5 in /var/www/html/algorithm/index.php on line 50
[14-Jan-2023 12:13:07 Asia/Tokyo] PHP Warning:  Undefined array key 5 in /var/www/html/algorithm/index.php on line 50
[14-Jan-2023 12:13:07 Asia/Tokyo] PHP Warning:  Undefined array key 5 in /var/www/html/algorithm/index.php on line 50
[14-Jan-2023 12:13:07 Asia/Tokyo] PHP Warning:  Undefined array key 5 in /var/www/html/algorithm/index.php on line 50
[14-Jan-2023 12:13:07 Asia/Tokyo] PHP Warning:  Undefined array key 5 in /var/www/html/algorithm/index.php on line 50
[14-Jan-2023 12:13:07 Asia/Tokyo] PHP Warning:  Undefined array key 5 in /var/www/html/algorithm/index.php on line 50
[14-Jan-2023 12:13:07 Asia/Tokyo] PHP Warning:  Undefined array key 4 in /var/www/html/algorithm/index.php on line 50
[14-Jan-2023 12:13:07 Asia/Tokyo] PHP Warning:  Trying to access array offset on value of type null in /var/www/html/algorithm/index.php on line 50
[14-Jan-2023 12:13:07 Asia/Tokyo] PHP Warning:  Undefined array key 4 in /var/www/html/algorithm/index.php on line 50
[14-Jan-2023 12:13:07 Asia/Tokyo] PHP Warning:  Trying to access array offset on value of type null in /var/www/html/algorithm/index.php on line 50
[14-Jan-2023 12:13:07 Asia/Tokyo] PHP Warning:  Undefined array key 4 in /var/www/html/algorithm/index.php on line 50
[14-Jan-2023 12:13:07 Asia/Tokyo] PHP Warning:  Trying to access array offset on value of type null in /var/www/html/algorithm/index.php on line 50
[14-Jan-2023 12:13:07 Asia/Tokyo] PHP Warning:  Undefined array key 4 in /var/www/html/algorithm/index.php on line 50
[14-Jan-2023 12:13:07 Asia/Tokyo] PHP Warning:  Trying to access array offset on value of type null in /var/www/html/algorithm/index.php on line 50
[14-Jan-2023 12:13:07 Asia/Tokyo] PHP Warning:  Undefined array key 4 in /var/www/html/algorithm/index.php on line 50
[14-Jan-2023 12:13:07 Asia/Tokyo] PHP Warning:  Trying to access array offset on value of type null in /var/www/html/algorithm/index.php on line 50
[14-Jan-2023 12:13:07 Asia/Tokyo] PHP Warning:  Undefined array key 4 in /var/www/html/algorithm/index.php on line 50
[14-Jan-2023 12:13:07 Asia/Tokyo] PHP Warning:  Trying to access array offset on value of type null in /var/www/html/algorithm/index.php on line 50
[14-Jan-2023 12:13:07 Asia/Tokyo] PHP Warning:  Undefined array key 4 in /var/www/html/algorithm/index.php on line 50
[14-Jan-2023 12:13:07 Asia/Tokyo] PHP Warning:  Trying to access array offset on value of type null in /var/www/html/algorithm/index.php on line 50
[14-Jan-2023 12:13:07 Asia/Tokyo] PHP Warning:  Undefined array key 4 in /var/www/html/algorithm/index.php on line 50
[14-Jan-2023 12:13:07 Asia/Tokyo] PHP Warning:  Trying to access array offset on value of type null in /var/www/html/algorithm/index.php on line 50
[14-Jan-2023 12:13:07 Asia/Tokyo] PHP Warning:  Undefined array key 5 in /var/www/html/algorithm/index.php on line 50
[14-Jan-2023 12:15:58 Asia/Tokyo] PHP Warning:  Undefined array key 5 in /var/www/html/algorithm/index.php on line 48
[14-Jan-2023 12:15:58 Asia/Tokyo] PHP Warning:  Undefined array key 5 in /var/www/html/algorithm/index.php on line 48
[14-Jan-2023 12:15:58 Asia/Tokyo] PHP Warning:  Undefined array key 5 in /var/www/html/algorithm/index.php on line 48
[14-Jan-2023 12:15:58 Asia/Tokyo] PHP Warning:  Undefined array key 5 in /var/www/html/algorithm/index.php on line 48
[14-Jan-2023 12:15:58 Asia/Tokyo] PHP Warning:  Undefined array key 5 in /var/www/html/algorithm/index.php on line 48
[14-Jan-2023 12:15:58 Asia/Tokyo] PHP Warning:  Undefined array key 5 in /var/www/html/algorithm/index.php on line 48
[14-Jan-2023 12:15:58 Asia/Tokyo] PHP Warning:  Undefined array key 4 in /var/www/html/algorithm/index.php on line 48
[14-Jan-2023 12:15:58 Asia/Tokyo] PHP Warning:  Trying to access array offset on value of type null in /var/www/html/algorithm/index.php on line 48
[14-Jan-2023 12:15:58 Asia/Tokyo] PHP Warning:  Undefined array key 4 in /var/www/html/algorithm/index.php on line 48
[14-Jan-2023 12:15:58 Asia/Tokyo] PHP Warning:  Trying to access array offset on value of type null in /var/www/html/algorithm/index.php on line 48
[14-Jan-2023 12:15:58 Asia/Tokyo] PHP Warning:  Undefined array key 4 in /var/www/html/algorithm/index.php on line 48
[14-Jan-2023 12:15:58 Asia/Tokyo] PHP Warning:  Trying to access array offset on value of type null in /var/www/html/algorithm/index.php on line 48
[14-Jan-2023 12:15:58 Asia/Tokyo] PHP Warning:  Undefined array key 4 in /var/www/html/algorithm/index.php on line 48
[14-Jan-2023 12:15:58 Asia/Tokyo] PHP Warning:  Trying to access array offset on value of type null in /var/www/html/algorithm/index.php on line 48
[14-Jan-2023 12:15:58 Asia/Tokyo] PHP Warning:  Undefined array key 4 in /var/www/html/algorithm/index.php on line 48
[14-Jan-2023 12:15:58 Asia/Tokyo] PHP Warning:  Trying to access array offset on value of type null in /var/www/html/algorithm/index.php on line 48
[14-Jan-2023 12:15:58 Asia/Tokyo] PHP Warning:  Undefined array key 4 in /var/www/html/algorithm/index.php on line 48
[14-Jan-2023 12:15:58 Asia/Tokyo] PHP Warning:  Trying to access array offset on value of type null in /var/www/html/algorithm/index.php on line 48
[14-Jan-2023 12:15:58 Asia/Tokyo] PHP Warning:  Undefined array key 4 in /var/www/html/algorithm/index.php on line 48
[14-Jan-2023 12:15:58 Asia/Tokyo] PHP Warning:  Trying to access array offset on value of type null in /var/www/html/algorithm/index.php on line 48
[14-Jan-2023 12:15:58 Asia/Tokyo] PHP Warning:  Undefined array key 4 in /var/www/html/algorithm/index.php on line 48
[14-Jan-2023 12:15:58 Asia/Tokyo] PHP Warning:  Trying to access array offset on value of type null in /var/www/html/algorithm/index.php on line 48
[14-Jan-2023 12:15:58 Asia/Tokyo] PHP Warning:  Undefined array key 5 in /var/www/html/algorithm/index.php on line 48
[14-Jan-2023 12:15:58 Asia/Tokyo] PHP Warning:  Undefined array key 4 in /var/www/html/algorithm/index.php on line 48
[14-Jan-2023 12:15:58 Asia/Tokyo] PHP Warning:  Trying to access array offset on value of type null in /var/www/html/algorithm/index.php on line 48
[14-Jan-2023 12:21:15 Asia/Tokyo] PHP Warning:  Undefined array key 1 in /var/www/html/algorithm/index.php on line 6
[14-Jan-2023 12:21:15 Asia/Tokyo] PHP Warning:  Undefined array key 1 in /var/www/html/algorithm/index.php on line 20
[14-Jan-2023 12:21:15 Asia/Tokyo] PHP Fatal error:  Uncaught ValueError: max(): Argument #1 ($value) must contain at least one element in /var/www/html/algorithm/index.php:58
Stack trace:
#0 /var/www/html/algorithm/index.php(58): max()
#1 {main}
  thrown in /var/www/html/algorithm/index.php on line 58
[14-Jan-2023 12:21:52 Asia/Tokyo] PHP Warning:  Undefined array key 1 in /var/www/html/algorithm/index.php on line 6
[14-Jan-2023 12:21:53 Asia/Tokyo] PHP Warning:  Undefined array key 1 in /var/www/html/algorithm/index.php on line 20
[14-Jan-2023 12:21:53 Asia/Tokyo] PHP Fatal error:  Uncaught ValueError: max(): Argument #1 ($value) must contain at least one element in /var/www/html/algorithm/index.php:52
Stack trace:
#0 /var/www/html/algorithm/index.php(52): max()
#1 {main}
  thrown in /var/www/html/algorithm/index.php on line 52
[14-Jan-2023 12:22:02 Asia/Tokyo] PHP Warning:  Undefined array key 1 in /var/www/html/algorithm/index.php on line 6
[14-Jan-2023 12:22:02 Asia/Tokyo] PHP Warning:  Undefined array key 1 in /var/www/html/algorithm/index.php on line 20
[14-Jan-2023 12:22:51 Asia/Tokyo] PHP Warning:  Undefined array key 1 in /var/www/html/algorithm/index.php on line 6
[14-Jan-2023 12:22:51 Asia/Tokyo] PHP Warning:  Undefined array key 1 in /var/www/html/algorithm/index.php on line 20
[14-Jan-2023 12:24:06 Asia/Tokyo] PHP Warning:  Undefined array key 1 in /var/www/html/algorithm/index.php on line 6
[14-Jan-2023 12:24:06 Asia/Tokyo] PHP Warning:  Undefined array key 1 in /var/www/html/algorithm/index.php on line 20
[14-Jan-2023 12:33:19 Asia/Tokyo] PHP Warning:  Undefined array key 1 in /var/www/html/algorithm/index.php on line 20
[14-Jan-2023 12:33:29 Asia/Tokyo] PHP Warning:  Undefined array key 1 in /var/www/html/algorithm/index.php on line 20
[14-Jan-2023 12:41:02 Asia/Tokyo] PHP Warning:  Undefined array key 4 in /var/www/html/algorithm/index.php on line 42
[14-Jan-2023 12:41:02 Asia/Tokyo] PHP Warning:  Undefined array key 3 in /var/www/html/algorithm/index.php on line 42
[14-Jan-2023 12:41:02 Asia/Tokyo] PHP Warning:  Undefined array key 5 in /var/www/html/algorithm/index.php on line 42
[14-Jan-2023 12:41:02 Asia/Tokyo] PHP Warning:  Undefined array key 4 in /var/www/html/algorithm/index.php on line 42
[14-Jan-2023 12:41:02 Asia/Tokyo] PHP Warning:  Undefined array key 6 in /var/www/html/algorithm/index.php on line 42
[14-Jan-2023 12:41:02 Asia/Tokyo] PHP Warning:  Undefined array key 4 in /var/www/html/algorithm/index.php on line 42
[14-Jan-2023 12:41:02 Asia/Tokyo] PHP Warning:  Undefined array key 3 in /var/www/html/algorithm/index.php on line 42
[14-Jan-2023 12:41:02 Asia/Tokyo] PHP Warning:  Undefined array key 5 in /var/www/html/algorithm/index.php on line 42
[14-Jan-2023 12:41:02 Asia/Tokyo] PHP Warning:  Undefined array key 4 in /var/www/html/algorithm/index.php on line 42
[14-Jan-2023 12:41:02 Asia/Tokyo] PHP Warning:  Undefined array key 6 in /var/www/html/algorithm/index.php on line 42
[14-Jan-2023 12:46:44 Asia/Tokyo] PHP Warning:  Undefined variable $ip in /var/www/html/algorithm/index.php on line 44
[14-Jan-2023 12:46:44 Asia/Tokyo] PHP Warning:  Undefined variable $ip in /var/www/html/algorithm/index.php on line 44
[14-Jan-2023 12:46:44 Asia/Tokyo] PHP Warning:  Undefined variable $ip in /var/www/html/algorithm/index.php on line 44
[14-Jan-2023 12:46:44 Asia/Tokyo] PHP Warning:  Undefined variable $ip in /var/www/html/algorithm/index.php on line 44
[14-Jan-2023 12:46:44 Asia/Tokyo] PHP Warning:  Undefined variable $ip in /var/www/html/algorithm/index.php on line 44
[14-Jan-2023 12:46:44 Asia/Tokyo] PHP Warning:  Undefined variable $ip in /var/www/html/algorithm/index.php on line 44
[14-Jan-2023 12:46:44 Asia/Tokyo] PHP Warning:  Undefined variable $ip in /var/www/html/algorithm/index.php on line 44
[14-Jan-2023 12:46:44 Asia/Tokyo] PHP Warning:  Undefined variable $ip in /var/www/html/algorithm/index.php on line 44
[14-Jan-2023 12:50:01 Asia/Tokyo] PHP Parse error:  syntax error, unexpected token "=" in /var/www/html/algorithm/index.php on line 49
[14-Jan-2023 12:56:56 Asia/Tokyo] PHP Warning:  Undefined array key 1 in /var/www/html/algorithm/index.php on line 43
[14-Jan-2023 12:56:56 Asia/Tokyo] PHP Warning:  Undefined array key 2 in /var/www/html/algorithm/index.php on line 43
[14-Jan-2023 12:56:56 Asia/Tokyo] PHP Warning:  Undefined array key 3 in /var/www/html/algorithm/index.php on line 43
[14-Jan-2023 12:56:56 Asia/Tokyo] PHP Warning:  Undefined array key 4 in /var/www/html/algorithm/index.php on line 43
[14-Jan-2023 12:56:56 Asia/Tokyo] PHP Warning:  Undefined array key 1 in /var/www/html/algorithm/index.php on line 43
[14-Jan-2023 12:56:56 Asia/Tokyo] PHP Warning:  Undefined array key 2 in /var/www/html/algorithm/index.php on line 43
[14-Jan-2023 12:56:56 Asia/Tokyo] PHP Warning:  Undefined array key 3 in /var/www/html/algorithm/index.php on line 43
[14-Jan-2023 12:56:56 Asia/Tokyo] PHP Warning:  Undefined array key 4 in /var/www/html/algorithm/index.php on line 43
[14-Jan-2023 12:56:56 Asia/Tokyo] PHP Warning:  Undefined array key 1 in /var/www/html/algorithm/index.php on line 43
[14-Jan-2023 12:56:56 Asia/Tokyo] PHP Warning:  Undefined array key 2 in /var/www/html/algorithm/index.php on line 43
[14-Jan-2023 12:56:56 Asia/Tokyo] PHP Warning:  Undefined array key 3 in /var/www/html/algorithm/index.php on line 43
[14-Jan-2023 12:56:56 Asia/Tokyo] PHP Warning:  Undefined array key 4 in /var/www/html/algorithm/index.php on line 43
[14-Jan-2023 12:56:56 Asia/Tokyo] PHP Warning:  Undefined array key 1 in /var/www/html/algorithm/index.php on line 43
[14-Jan-2023 12:56:56 Asia/Tokyo] PHP Warning:  Undefined array key 2 in /var/www/html/algorithm/index.php on line 43
[14-Jan-2023 12:56:56 Asia/Tokyo] PHP Warning:  Undefined array key 3 in /var/www/html/algorithm/index.php on line 43
[14-Jan-2023 12:56:56 Asia/Tokyo] PHP Warning:  Undefined array key 4 in /var/www/html/algorithm/index.php on line 43
[14-Jan-2023 12:56:56 Asia/Tokyo] PHP Warning:  Undefined array key 1 in /var/www/html/algorithm/index.php on line 43
[14-Jan-2023 12:56:56 Asia/Tokyo] PHP Warning:  Undefined array key 2 in /var/www/html/algorithm/index.php on line 43
[14-Jan-2023 12:56:56 Asia/Tokyo] PHP Warning:  Undefined array key 3 in /var/www/html/algorithm/index.php on line 43
[14-Jan-2023 12:56:56 Asia/Tokyo] PHP Warning:  Undefined array key 4 in /var/www/html/algorithm/index.php on line 43
[14-Jan-2023 12:56:56 Asia/Tokyo] PHP Warning:  Undefined array key 1 in /var/www/html/algorithm/index.php on line 43
[14-Jan-2023 12:56:56 Asia/Tokyo] PHP Warning:  Undefined array key 2 in /var/www/html/algorithm/index.php on line 43
[14-Jan-2023 12:56:56 Asia/Tokyo] PHP Warning:  Undefined array key 3 in /var/www/html/algorithm/index.php on line 43
[14-Jan-2023 12:56:56 Asia/Tokyo] PHP Warning:  Undefined array key 4 in /var/www/html/algorithm/index.php on line 43
[14-Jan-2023 12:57:31 Asia/Tokyo] PHP Parse error:  syntax error, unexpected token "if", expecting "," or ";" in /var/www/html/algorithm/index.php on line 43
[14-Jan-2023 12:58:00 Asia/Tokyo] PHP Warning:  Undefined array key 3 in /var/www/html/algorithm/index.php on line 40
[14-Jan-2023 12:58:00 Asia/Tokyo] PHP Warning:  Undefined array key 4 in /var/www/html/algorithm/index.php on line 40
[14-Jan-2023 12:58:00 Asia/Tokyo] PHP Warning:  Undefined array key 3 in /var/www/html/algorithm/index.php on line 40
[14-Jan-2023 12:58:00 Asia/Tokyo] PHP Warning:  Undefined array key 4 in /var/www/html/algorithm/index.php on line 40
[14-Jan-2023 12:58:00 Asia/Tokyo] PHP Warning:  Undefined array key 5 in /var/www/html/algorithm/index.php on line 40
[14-Jan-2023 12:58:00 Asia/Tokyo] PHP Warning:  Undefined array key 3 in /var/www/html/algorithm/index.php on line 40
[14-Jan-2023 12:58:00 Asia/Tokyo] PHP Warning:  Undefined array key 4 in /var/www/html/algorithm/index.php on line 40
[14-Jan-2023 12:58:00 Asia/Tokyo] PHP Warning:  Undefined array key 5 in /var/www/html/algorithm/index.php on line 40
[14-Jan-2023 12:58:00 Asia/Tokyo] PHP Warning:  Undefined array key 6 in /var/www/html/algorithm/index.php on line 40
[14-Jan-2023 12:58:00 Asia/Tokyo] PHP Warning:  Undefined array key 3 in /var/www/html/algorithm/index.php on line 40
[14-Jan-2023 12:58:00 Asia/Tokyo] PHP Warning:  Undefined array key 4 in /var/www/html/algorithm/index.php on line 40
[14-Jan-2023 12:58:00 Asia/Tokyo] PHP Warning:  Undefined array key 3 in /var/www/html/algorithm/index.php on line 40
[14-Jan-2023 12:58:00 Asia/Tokyo] PHP Warning:  Undefined array key 4 in /var/www/html/algorithm/index.php on line 40
[14-Jan-2023 12:58:00 Asia/Tokyo] PHP Warning:  Undefined array key 5 in /var/www/html/algorithm/index.php on line 40
[14-Jan-2023 12:58:00 Asia/Tokyo] PHP Warning:  Undefined array key 3 in /var/www/html/algorithm/index.php on line 40
[14-Jan-2023 12:58:00 Asia/Tokyo] PHP Warning:  Undefined array key 4 in /var/www/html/algorithm/index.php on line 40
[14-Jan-2023 12:58:00 Asia/Tokyo] PHP Warning:  Undefined array key 5 in /var/www/html/algorithm/index.php on line 40
[14-Jan-2023 12:58:00 Asia/Tokyo] PHP Warning:  Undefined array key 6 in /var/www/html/algorithm/index.php on line 40
[14-Jan-2023 12:58:09 Asia/Tokyo] PHP Warning:  Undefined array key 3 in /var/www/html/algorithm/index.php on line 40
[14-Jan-2023 12:58:09 Asia/Tokyo] PHP Warning:  Undefined array key 4 in /var/www/html/algorithm/index.php on line 40
[14-Jan-2023 12:58:09 Asia/Tokyo] PHP Warning:  Undefined array key 3 in /var/www/html/algorithm/index.php on line 40
[14-Jan-2023 12:58:09 Asia/Tokyo] PHP Warning:  Undefined array key 4 in /var/www/html/algorithm/index.php on line 40
[14-Jan-2023 12:58:09 Asia/Tokyo] PHP Warning:  Undefined array key 5 in /var/www/html/algorithm/index.php on line 40
[14-Jan-2023 12:58:09 Asia/Tokyo] PHP Warning:  Undefined array key 3 in /var/www/html/algorithm/index.php on line 40
[14-Jan-2023 12:58:09 Asia/Tokyo] PHP Warning:  Undefined array key 4 in /var/www/html/algorithm/index.php on line 40
[14-Jan-2023 12:58:09 Asia/Tokyo] PHP Warning:  Undefined array key 5 in /var/www/html/algorithm/index.php on line 40
[14-Jan-2023 12:58:09 Asia/Tokyo] PHP Warning:  Undefined array key 6 in /var/www/html/algorithm/index.php on line 40
[14-Jan-2023 12:58:09 Asia/Tokyo] PHP Warning:  Undefined array key 3 in /var/www/html/algorithm/index.php on line 40
[14-Jan-2023 12:58:09 Asia/Tokyo] PHP Warning:  Undefined array key 4 in /var/www/html/algorithm/index.php on line 40
[14-Jan-2023 12:58:09 Asia/Tokyo] PHP Warning:  Undefined array key 3 in /var/www/html/algorithm/index.php on line 40
[14-Jan-2023 12:58:09 Asia/Tokyo] PHP Warning:  Undefined array key 4 in /var/www/html/algorithm/index.php on line 40
[14-Jan-2023 12:58:09 Asia/Tokyo] PHP Warning:  Undefined array key 5 in /var/www/html/algorithm/index.php on line 40
[14-Jan-2023 12:58:09 Asia/Tokyo] PHP Warning:  Undefined array key 3 in /var/www/html/algorithm/index.php on line 40
[14-Jan-2023 12:58:09 Asia/Tokyo] PHP Warning:  Undefined array key 4 in /var/www/html/algorithm/index.php on line 40
[14-Jan-2023 12:58:09 Asia/Tokyo] PHP Warning:  Undefined array key 5 in /var/www/html/algorithm/index.php on line 40
[14-Jan-2023 12:58:09 Asia/Tokyo] PHP Warning:  Undefined array key 6 in /var/www/html/algorithm/index.php on line 40
[15-Jan-2023 14:27:22 Asia/Tokyo] PHP Parse error:  syntax error, unexpected token "<", expecting end of file in /var/www/html/algorithm/index.php on line 5
[15-Jan-2023 15:10:46 Asia/Tokyo] PHP Fatal error:  Uncaught DivisionByZeroError: Division by zero in /var/www/html/algorithm/index.php:6
Stack trace:
#0 {main}
  thrown in /var/www/html/algorithm/index.php on line 6
